<?xml version="1.0" encoding="UTF-8"?>
<!-- Generated by org.testng.reporters.JUnitXMLReporter -->
<testsuite hostname="DEHEREMMAN4002" ignored="0" name="UI and API Secnarios" tests="3" failures="1" timestamp="2020-07-17T14:58:18 CEST" time="20.896" errors="0">
  <testcase name="ValidateTempDeatils_001" time="19.286" classname="weatherReport.UI.Test.UITest_ValidateTemperature"/>
  <testcase name="validateweatherAPI" time="1.563" classname="weatherApiTest.APITTest_ValidateWeatherResCityWise"/>
  <testcase name="TC001" time="0.0" classname="weatherComparator.ComparatorTest">
    <failure type="java.lang.AssertionError" message="expected [true] but found [false]">
      <![CDATA[java.lang.AssertionError: expected [true] but found [false]
at weatherComparator.ComparatorTest.TC001(ComparatorTest.java:29)
at java.util.ArrayList.forEach(ArrayList.java:1257)
... Removed 31 stack frames]]>
    </failure>
  </testcase> <!-- TC001 -->
</testsuite> <!-- UI and API Secnarios -->
